EnableAutorun = Pending
AzBootstrap = Pending
CreateArcBoxSpn = Pending
AssignSpnRoles = Pending
RegisterHybridProviders = Pending
CreateResourceGroup = Pending
InstallAzModules = Pending
CreateAnalyticsWorkspace = Pending
InstallAzCli = Pending
ConfigureOS = Pending
CreateVMSwitch = Pending
UpdateHostsFile = Pending
CreateCluster = Pending
EnableS2D = Pending
CreateAzStackHciModule = Pending
RegisterHciCluster = Pending
RunArcAgentTaskManually = Pending
AksHciPrep = Pending
InstallAksHci = Pending
CreateWorkloadCluster = Pending
GenerateAksBearerToken = Pending
EnableArcK8sFeatures = Pending
AddArcK8sExtensions = Pending
CreateArcCustomLocation = Pending
CreateArcDataController = Pending
DisableAutorun = Pending
Done